Arguments: 
  /usr/local/bin/node /usr/local/Cellar/yarn/1.12.3/libexec/bin/yarn.js add @typescript/eslint -D

PATH: 
  /usr/local/bin:/usr/bin:/bin:/usr/sbin:/sbin

Yarn version: 
  1.12.3

Node version: 
  10.16.3

Platform: 
  darwin x64

Trace: 
  Error: http://registry.npm.taobao.org/@typescript%2feslint: Not found
      at Request.params.callback [as _callback] (/usr/local/Cellar/yarn/1.12.3/libexec/lib/cli.js:65894:18)
      at Request.self.callback (/usr/local/Cellar/yarn/1.12.3/libexec/lib/cli.js:129018:22)
      at Request.emit (events.js:198:13)
      at Request.<anonymous> (/usr/local/Cellar/yarn/1.12.3/libexec/lib/cli.js:129990:10)
      at Request.emit (events.js:198:13)
      at IncomingMessage.<anonymous> (/usr/local/Cellar/yarn/1.12.3/libexec/lib/cli.js:129912:12)
      at Object.onceWrapper (events.js:286:20)
      at IncomingMessage.emit (events.js:203:15)
      at endReadableNT (_stream_readable.js:1145:12)
      at process._tickCallback (internal/process/next_tick.js:63:19)

npm manifest: 
  {
    "name": "eslint-config-sifu",
    "version": "1.0.0",
    "description": "Eslint config",
    "main": "index.js",
    "scripts": {
      "test": "echo \"Error: no test specified\" && exit 1"
    },
    "keywords": [
      "eslint",
      "eslintrc",
      "eslintconfig"
    ],
    "author": "SFmonkey",
    "license": "ISC",
    "devDependencies": {
      "babel-eslint": "^10.0.3",
      "eslint-config-prettier": "^6.7.0",
      "eslint-plugin-prettier": "^3.1.1",
      "eslint-plugin-react": "^7.16.0",
      "eslint-plugin-vue": "^6.0.1",
      "prettier": "^1.19.1"
    }
  }

yarn manifest: 
  No manifest

Lockfile: 
  # THIS IS AN AUTOGENERATED FILE. DO NOT EDIT THIS FILE DIRECTLY.
  # yarn lockfile v1
  
  
  "@babel/code-frame@^7.0.0", "@babel/code-frame@^7.5.5":
    version "7.5.5"
    resolved "https://registry.npm.taobao.org/@babel/code-frame/download/@babel/code-frame-7.5.5.tgz#bc0782f6d69f7b7d49531219699b988f669a8f9d"
    integrity sha1-vAeC9tafe31JUxIZaZuYj2aaj50=
    dependencies:
      "@babel/highlight" "^7.0.0"
  
  "@babel/generator@^7.7.2":
    version "7.7.2"
    resolved "https://registry.npm.taobao.org/@babel/generator/download/@babel/generator-7.7.2.tgz?cache=0&other_urls=https%3A%2F%2Fregistry.npm.taobao.org%2F%40babel%2Fgenerator%2Fdownload%2F%40babel%2Fgenerator-7.7.2.tgz#2f4852d04131a5e17ea4f6645488b5da66ebf3af"
    integrity sha1-L0hS0EExpeF+pPZkVIi12mbr868=
    dependencies:
      "@babel/types" "^7.7.2"
      jsesc "^2.5.1"
      lodash "^4.17.13"
      source-map "^0.5.0"
  
  "@babel/helper-function-name@^7.7.0":
    version "7.7.0"
    resolved "https://registry.npm.taobao.org/@babel/helper-function-name/download/@babel/helper-function-name-7.7.0.tgz#44a5ad151cfff8ed2599c91682dda2ec2c8430a3"
    integrity sha1-RKWtFRz/+O0lmckWgt2i7CyEMKM=
    dependencies:
      "@babel/helper-get-function-arity" "^7.7.0"
      "@babel/template" "^7.7.0"
      "@babel/types" "^7.7.0"
  
  "@babel/helper-get-function-arity@^7.7.0":
    version "7.7.0"
    resolved "https://registry.npm.taobao.org/@babel/helper-get-function-arity/download/@babel/helper-get-function-arity-7.7.0.tgz#c604886bc97287a1d1398092bc666bc3d7d7aa2d"
    integrity sha1-xgSIa8lyh6HROYCSvGZrw9fXqi0=
    dependencies:
      "@babel/types" "^7.7.0"
  
  "@babel/helper-split-export-declaration@^7.7.0":
    version "7.7.0"
    resolved "https://registry.npm.taobao.org/@babel/helper-split-export-declaration/download/@babel/helper-split-export-declaration-7.7.0.tgz?cache=0&sync_timestamp=1572951228921&other_urls=https%3A%2F%2Fregistry.npm.taobao.org%2F%40babel%2Fhelper-split-export-declaration%2Fdownload%2F%40babel%2Fhelper-split-export-declaration-7.7.0.tgz#1365e74ea6c614deeb56ebffabd71006a0eb2300"
    integrity sha1-E2XnTqbGFN7rVuv/q9cQBqDrIwA=
    dependencies:
      "@babel/types" "^7.7.0"
  
  "@babel/highlight@^7.0.0":
    version "7.5.0"
    resolved "https://registry.npm.taobao.org/@babel/highlight/download/@babel/highlight-7.5.0.tgz#56d11312bd9248fa619591d02472be6e8cb32540"
    integrity sha1-VtETEr2SSPphlZHQJHK+boyzJUA=
    dependencies:
      chalk "^2.0.0"
      esutils "^2.0.2"
      js-tokens "^4.0.0"
  
  "@babel/parser@^7.0.0", "@babel/parser@^7.7.0", "@babel/parser@^7.7.2":
    version "7.7.3"
    resolved "https://registry.npm.taobao.org/@babel/parser/download/@babel/parser-7.7.3.tgz#5fad457c2529de476a248f75b0f090b3060af043"
    integrity sha1-X61FfCUp3kdqJI91sPCQswYK8EM=
  
  "@babel/template@^7.7.0":
    version "7.7.0"
    resolved "https://registry.npm.taobao.org/@babel/template/download/@babel/template-7.7.0.tgz#4fadc1b8e734d97f56de39c77de76f2562e597d0"
    integrity sha1-T63BuOc02X9W3jnHfedvJWLll9A=
    dependencies:
      "@babel/code-frame" "^7.0.0"
      "@babel/parser" "^7.7.0"
      "@babel/types" "^7.7.0"
  
  "@babel/traverse@^7.0.0":
    version "7.7.2"
    resolved "https://registry.npm.taobao.org/@babel/traverse/download/@babel/traverse-7.7.2.tgz?cache=0&other_urls=https%3A%2F%2Fregistry.npm.taobao.org%2F%40babel%2Ftraverse%2Fdownload%2F%40babel%2Ftraverse-7.7.2.tgz#ef0a65e07a2f3c550967366b3d9b62a2dcbeae09"
    integrity sha1-7wpl4HovPFUJZzZrPZtioty+rgk=
    dependencies:
      "@babel/code-frame" "^7.5.5"
      "@babel/generator" "^7.7.2"
      "@babel/helper-function-name" "^7.7.0"
      "@babel/helper-split-export-declaration" "^7.7.0"
      "@babel/parser" "^7.7.2"
      "@babel/types" "^7.7.2"
      debug "^4.1.0"
      globals "^11.1.0"
      lodash "^4.17.13"
  
  "@babel/types@^7.0.0", "@babel/types@^7.7.0", "@babel/types@^7.7.2":
    version "7.7.2"
    resolved "https://registry.npm.taobao.org/@babel/types/download/@babel/types-7.7.2.tgz?cache=0&other_urls=https%3A%2F%2Fregistry.npm.taobao.org%2F%40babel%2Ftypes%2Fdownload%2F%40babel%2Ftypes-7.7.2.tgz#550b82e5571dcd174af576e23f0adba7ffc683f7"
    integrity sha1-VQuC5VcdzRdK9XbiPwrbp//Gg/c=
    dependencies:
      esutils "^2.0.2"
      lodash "^4.17.13"
      to-fast-properties "^2.0.0"
  
  acorn-jsx@^5.0.0:
    version "5.1.0"
    resolved "https://registry.npm.taobao.org/acorn-jsx/download/acorn-jsx-5.1.0.tgz#294adb71b57398b0680015f0a38c563ee1db5384"
    integrity sha1-KUrbcbVzmLBoABXwo4xWPuHbU4Q=
  
  acorn@^6.0.7:
    version "6.3.0"
    resolved "https://registry.npm.taobao.org/acorn/download/acorn-6.3.0.tgz?cache=0&sync_timestamp=1569334654641&other_urls=https%3A%2F%2Fregistry.npm.taobao.org%2Facorn%2Fdownload%2Facorn-6.3.0.tgz#0087509119ffa4fc0a0041d1e93a417e68cb856e"
    integrity sha1-AIdQkRn/pPwKAEHR6TpBfmjLhW4=
  
  ansi-styles@^3.2.1:
    version "3.2.1"
    resolved "https://registry.npm.taobao.org/ansi-styles/download/ansi-styles-3.2.1.tgz?cache=0&sync_timestamp=1573557628456&other_urls=https%3A%2F%2Fregistry.npm.taobao.org%2Fansi-styles%2Fdownload%2Fansi-styles-3.2.1.tgz#41fbb20243e50b12be0f04b8dedbf07520ce841d"
    integrity sha1-QfuyAkPlCxK+DwS43tvwdSDOhB0=
    dependencies:
      color-convert "^1.9.0"
  
  array-includes@^3.0.3:
    version "3.0.3"
    resolved "https://registry.npm.taobao.org/array-includes/download/array-includes-3.0.3.tgz#184b48f62d92d7452bb31b323165c7f8bd02266d"
    integrity sha1-GEtI9i2S10UrsxsyMWXH+L0CJm0=
    dependencies:
      define-properties "^1.1.2"
      es-abstract "^1.7.0"
  
  babel-eslint@^10.0.3:
    version "10.0.3"
    resolved "https://registry.npm.taobao.org/babel-eslint/download/babel-eslint-10.0.3.tgz#81a2c669be0f205e19462fed2482d33e4687a88a"
    integrity sha1-gaLGab4PIF4ZRi/tJILTPkaHqIo=
    dependencies:
      "@babel/code-frame" "^7.0.0"
      "@babel/parser" "^7.0.0"
      "@babel/traverse" "^7.0.0"
      "@babel/types" "^7.0.0"
      eslint-visitor-keys "^1.0.0"
      resolve "^1.12.0"
  
  chalk@^2.0.0:
    version "2.4.2"
    resolved "https://registry.npm.taobao.org/chalk/download/chalk-2.4.2.tgz?cache=0&sync_timestamp=1573282918610&other_urls=https%3A%2F%2Fregistry.npm.taobao.org%2Fchalk%2Fdownload%2Fchalk-2.4.2.tgz#cd42541677a54333cf541a49108c1432b44c9424"
    integrity sha1-zUJUFnelQzPPVBpJEIwUMrRMlCQ=
    dependencies:
      ansi-styles "^3.2.1"
      escape-string-regexp "^1.0.5"
      supports-color "^5.3.0"
  
  color-convert@^1.9.0:
    version "1.9.3"
    resolved "https://registry.npm.taobao.org/color-convert/download/color-convert-1.9.3.tgz#bb71850690e1f136567de629d2d5471deda4c1e8"
    integrity sha1-u3GFBpDh8TZWfeYp0tVHHe2kweg=
    dependencies:
      color-name "1.1.3"
  
  color-name@1.1.3:
    version "1.1.3"
    resolved "https://registry.npm.taobao.org/color-name/download/color-name-1.1.3.tgz#a7d0558bd89c42f795dd42328f740831ca53bc25"
    integrity sha1-p9BVi9icQveV3UIyj3QIMcpTvCU=
  
  debug@^4.1.0, debug@^4.1.1:
    version "4.1.1"
    resolved "https://registry.npm.taobao.org/debug/download/debug-4.1.1.tgz#3b72260255109c6b589cee050f1d516139664791"
    integrity sha1-O3ImAlUQnGtYnO4FDx1RYTlmR5E=
    dependencies:
      ms "^2.1.1"
  
  define-properties@^1.1.2, define-properties@^1.1.3:
    version "1.1.3"
    resolved "https://registry.npm.taobao.org/define-properties/download/define-properties-1.1.3.tgz#cf88da6cbee26fe6db7094f61d870cbd84cee9f1"
    integrity sha1-z4jabL7ib+bbcJT2HYcMvYTO6fE=
    dependencies:
      object-keys "^1.0.12"
  
  doctrine@^2.1.0:
    version "2.1.0"
    resolved "https://registry.npm.taobao.org/doctrine/download/doctrine-2.1.0.tgz#5cd01fc101621b42c4cd7f5d1a66243716d3f39d"
    integrity sha1-XNAfwQFiG0LEzX9dGmYkNxbT850=
    dependencies:
      esutils "^2.0.2"
  
  es-abstract@^1.12.0, es-abstract@^1.15.0, es-abstract@^1.7.0:
    version "1.16.0"
    resolved "https://registry.npm.taobao.org/es-abstract/download/es-abstract-1.16.0.tgz?cache=0&sync_timestamp=1571460473447&other_urls=https%3A%2F%2Fregistry.npm.taobao.org%2Fes-abstract%2Fdownload%2Fes-abstract-1.16.0.tgz#d3a26dc9c3283ac9750dca569586e976d9dcc06d"
    integrity sha1-06JtycMoOsl1DcpWlYbpdtncwG0=
    dependencies:
      es-to-primitive "^1.2.0"
      function-bind "^1.1.1"
      has "^1.0.3"
      has-symbols "^1.0.0"
      is-callable "^1.1.4"
      is-regex "^1.0.4"
      object-inspect "^1.6.0"
      object-keys "^1.1.1"
      string.prototype.trimleft "^2.1.0"
      string.prototype.trimright "^2.1.0"
  
  es-to-primitive@^1.2.0:
    version "1.2.1"
    resolved "https://registry.npm.taobao.org/es-to-primitive/download/es-to-primitive-1.2.1.tgz#e55cd4c9cdc188bcefb03b366c736323fc5c898a"
    integrity sha1-5VzUyc3BiLzvsDs2bHNjI/xciYo=
    dependencies:
      is-callable "^1.1.4"
      is-date-object "^1.0.1"
      is-symbol "^1.0.2"
  
  escape-string-regexp@^1.0.5:
    version "1.0.5"
    resolved "https://registry.npm.taobao.org/escape-string-regexp/download/escape-string-regexp-1.0.5.tgz?cache=0&other_urls=https%3A%2F%2Fregistry.npm.taobao.org%2Fescape-string-regexp%2Fdownload%2Fescape-string-regexp-1.0.5.tgz#1b61c0562190a8dff6ae3bb2cf0200ca130b86d4"
    integrity sha1-G2HAViGQqN/2rjuyzwIAyhMLhtQ=
  
  eslint-config-prettier@^6.7.0:
    version "6.7.0"
    resolved "https://registry.npm.taobao.org/eslint-config-prettier/download/eslint-config-prettier-6.7.0.tgz?cache=0&sync_timestamp=1574144292514&other_urls=https%3A%2F%2Fregistry.npm.taobao.org%2Feslint-config-prettier%2Fdownload%2Feslint-config-prettier-6.7.0.tgz#9a876952e12df2b284adbd3440994bf1f39dfbb9"
    integrity sha1-modpUuEt8rKErb00QJlL8fOd+7k=
    dependencies:
      get-stdin "^6.0.0"
  
  eslint-plugin-prettier@^3.1.1:
    version "3.1.1"
    resolved "https://registry.npm.taobao.org/eslint-plugin-prettier/download/eslint-plugin-prettier-3.1.1.tgz#507b8562410d02a03f0ddc949c616f877852f2ba"
    integrity sha1-UHuFYkENAqA/DdyUnGFvh3hS8ro=
    dependencies:
      prettier-linter-helpers "^1.0.0"
  
  eslint-plugin-react@^7.16.0:
    version "7.16.0"
    resolved "https://registry.npm.taobao.org/eslint-plugin-react/download/eslint-plugin-react-7.16.0.tgz#9928e4f3e2122ed3ba6a5b56d0303ba3e41d8c09"
    integrity sha1-mSjk8+ISLtO6altW0DA7o+QdjAk=
    dependencies:
      array-includes "^3.0.3"
      doctrine "^2.1.0"
      has "^1.0.3"
      jsx-ast-utils "^2.2.1"
      object.entries "^1.1.0"
      object.fromentries "^2.0.0"
      object.values "^1.1.0"
      prop-types "^15.7.2"
      resolve "^1.12.0"
  
  eslint-plugin-vue@^6.0.1:
    version "6.0.1"
    resolved "https://registry.npm.taobao.org/eslint-plugin-vue/download/eslint-plugin-vue-6.0.1.tgz?cache=0&sync_timestamp=1573637114128&other_urls=https%3A%2F%2Fregistry.npm.taobao.org%2Feslint-plugin-vue%2Fdownload%2Feslint-plugin-vue-6.0.1.tgz#166d3eb24cf290f3ff24d44fe9fca496f3924fc2"
    integrity sha1-Fm0+skzykPP/JNRP6fyklvOST8I=
    dependencies:
      vue-eslint-parser "^6.0.5"
  
  eslint-scope@^4.0.0:
    version "4.0.3"
    resolved "https://registry.npm.taobao.org/eslint-scope/download/eslint-scope-4.0.3.tgz?cache=0&sync_timestamp=1563679289211&other_urls=https%3A%2F%2Fregistry.npm.taobao.org%2Feslint-scope%2Fdownload%2Feslint-scope-4.0.3.tgz#ca03833310f6889a3264781aa82e63eb9cfe7848"
    integrity sha1-ygODMxD2iJoyZHgaqC5j65z+eEg=
    dependencies:
      esrecurse "^4.1.0"
      estraverse "^4.1.1"
  
  eslint-visitor-keys@^1.0.0:
    version "1.1.0"
    resolved "https://registry.npm.taobao.org/eslint-visitor-keys/download/eslint-visitor-keys-1.1.0.tgz#e2a82cea84ff246ad6fb57f9bde5b46621459ec2"
    integrity sha1-4qgs6oT/JGrW+1f5veW0ZiFFnsI=
  
  espree@^5.0.0:
    version "5.0.1"
    resolved "https://registry.npm.taobao.org/espree/download/espree-5.0.1.tgz?cache=0&sync_timestamp=1571624368510&other_urls=https%3A%2F%2Fregistry.npm.taobao.org%2Fespree%2Fdownload%2Fespree-5.0.1.tgz#5d6526fa4fc7f0788a5cf75b15f30323e2f81f7a"
    integrity sha1-XWUm+k/H8HiKXPdbFfMDI+L4H3o=
    dependencies:
      acorn "^6.0.7"
      acorn-jsx "^5.0.0"
      eslint-visitor-keys "^1.0.0"
  
  esquery@^1.0.1:
    version "1.0.1"
    resolved "https://registry.npm.taobao.org/esquery/download/esquery-1.0.1.tgz#406c51658b1f5991a5f9b62b1dc25b00e3e5c708"
    integrity sha1-QGxRZYsfWZGl+bYrHcJbAOPlxwg=
    dependencies:
      estraverse "^4.0.0"
  
  esrecurse@^4.1.0:
    version "4.2.1"
    resolved "https://registry.npm.taobao.org/esrecurse/download/esrecurse-4.2.1.tgz#007a3b9fdbc2b3bb87e4879ea19c92fdbd3942cf"
    integrity sha1-AHo7n9vCs7uH5IeeoZyS/b05Qs8=
    dependencies:
      estraverse "^4.1.0"
  
  estraverse@^4.0.0, estraverse@^4.1.0, estraverse@^4.1.1:
    version "4.3.0"
    resolved "https://registry.npm.taobao.org/estraverse/download/estraverse-4.3.0.tgz#398ad3f3c5a24948be7725e83d11a7de28cdbd1d"
    integrity sha1-OYrT88WiSUi+dyXoPRGn3ijNvR0=
  
  esutils@^2.0.2:
    version "2.0.3"
    resolved "https://registry.npm.taobao.org/esutils/download/esutils-2.0.3.tgz#74d2eb4de0b8da1293711910d50775b9b710ef64"
    integrity sha1-dNLrTeC42hKTcRkQ1Qd1ubcQ72Q=
  
  fast-diff@^1.1.2:
    version "1.2.0"
    resolved "https://registry.npm.taobao.org/fast-diff/download/fast-diff-1.2.0.tgz#73ee11982d86caaf7959828d519cfe927fac5f03"
    integrity sha1-c+4RmC2Gyq95WYKNUZz+kn+sXwM=
  
  function-bind@^1.1.1:
    version "1.1.1"
    resolved "https://registry.npm.taobao.org/function-bind/download/function-bind-1.1.1.tgz#a56899d3ea3c9bab874bb9773b7c5ede92f4895d"
    integrity sha1-pWiZ0+o8m6uHS7l3O3xe3pL0iV0=
  
  get-stdin@^6.0.0:
    version "6.0.0"
    resolved "https://registry.npm.taobao.org/get-stdin/download/get-stdin-6.0.0.tgz#9e09bf712b360ab9225e812048f71fde9c89657b"
    integrity sha1-ngm/cSs2CrkiXoEgSPcf3pyJZXs=
  
  globals@^11.1.0:
    version "11.12.0"
    resolved "https://registry.npm.taobao.org/globals/download/globals-11.12.0.tgz#ab8795338868a0babd8525758018c2a7eb95c42e"
    integrity sha1-q4eVM4hooLq9hSV1gBjCp+uVxC4=
  
  has-flag@^3.0.0:
    version "3.0.0"
    resolved "https://registry.npm.taobao.org/has-flag/download/has-flag-3.0.0.tgz#b5d454dc2199ae225699f3467e5a07f3b955bafd"
    integrity sha1-tdRU3CGZriJWmfNGfloH87lVuv0=
  
  has-symbols@^1.0.0:
    version "1.0.1"
    resolved "https://registry.npm.taobao.org/has-symbols/download/has-symbols-1.0.1.tgz?cache=0&sync_timestamp=1573950719586&other_urls=https%3A%2F%2Fregistry.npm.taobao.org%2Fhas-symbols%2Fdownload%2Fhas-symbols-1.0.1.tgz#9f5214758a44196c406d9bd76cebf81ec2dd31e8"
    integrity sha1-n1IUdYpEGWxAbZvXbOv4HsLdMeg=
  
  has@^1.0.1, has@^1.0.3:
    version "1.0.3"
    resolved "https://registry.npm.taobao.org/has/download/has-1.0.3.tgz#722d7cbfc1f6aa8241f16dd814e011e1f41e8796"
    integrity sha1-ci18v8H2qoJB8W3YFOAR4fQeh5Y=
    dependencies:
      function-bind "^1.1.1"
  
  is-callable@^1.1.4:
    version "1.1.4"
    resolved "https://registry.npm.taobao.org/is-callable/download/is-callable-1.1.4.tgz#1e1adf219e1eeb684d691f9d6a05ff0d30a24d75"
    integrity sha1-HhrfIZ4e62hNaR+dagX/DTCiTXU=
  
  is-date-object@^1.0.1:
    version "1.0.1"
    resolved "https://registry.npm.taobao.org/is-date-object/download/is-date-object-1.0.1.tgz#9aa20eb6aeebbff77fbd33e74ca01b33581d3a16"
    integrity sha1-mqIOtq7rv/d/vTPnTKAbM1gdOhY=
  
  is-regex@^1.0.4:
    version "1.0.4"
    resolved "https://registry.npm.taobao.org/is-regex/download/is-regex-1.0.4.tgz#5517489b547091b0930e095654ced25ee97e9491"
    integrity sha1-VRdIm1RwkbCTDglWVM7SXul+lJE=
    dependencies:
      has "^1.0.1"
  
  is-symbol@^1.0.2:
    version "1.0.2"
    resolved "https://registry.npm.taobao.org/is-symbol/download/is-symbol-1.0.2.tgz#a055f6ae57192caee329e7a860118b497a950f38"
    integrity sha1-oFX2rlcZLK7jKeeoYBGLSXqVDzg=
    dependencies:
      has-symbols "^1.0.0"
  
  "js-tokens@^3.0.0 || ^4.0.0", js-tokens@^4.0.0:
    version "4.0.0"
    resolved "https://registry.npm.taobao.org/js-tokens/download/js-tokens-4.0.0.tgz#19203fb59991df98e3a287050d4647cdeaf32499"
    integrity sha1-GSA/tZmR35jjoocFDUZHzerzJJk=
  
  jsesc@^2.5.1:
    version "2.5.2"
    resolved "https://registry.npm.taobao.org/jsesc/download/jsesc-2.5.2.tgz#80564d2e483dacf6e8ef209650a67df3f0c283a4"
    integrity sha1-gFZNLkg9rPbo7yCWUKZ98/DCg6Q=
  
  jsx-ast-utils@^2.2.1:
    version "2.2.3"
    resolved "https://registry.npm.taobao.org/jsx-ast-utils/download/jsx-ast-utils-2.2.3.tgz#8a9364e402448a3ce7f14d357738310d9248054f"
    integrity sha1-ipNk5AJEijzn8U01dzgxDZJIBU8=
    dependencies:
      array-includes "^3.0.3"
      object.assign "^4.1.0"
  
  lodash@^4.17.11, lodash@^4.17.13:
    version "4.17.15"
    resolved "https://registry.npm.taobao.org/lodash/download/lodash-4.17.15.tgz?cache=0&other_urls=https%3A%2F%2Fregistry.npm.taobao.org%2Flodash%2Fdownload%2Flodash-4.17.15.tgz#b447f6670a0455bbfeedd11392eff330ea097548"
    integrity sha1-tEf2ZwoEVbv+7dETku/zMOoJdUg=
  
  loose-envify@^1.4.0:
    version "1.4.0"
    resolved "https://registry.npm.taobao.org/loose-envify/download/loose-envify-1.4.0.tgz#71ee51fa7be4caec1a63839f7e682d8132d30caf"
    integrity sha1-ce5R+nvkyuwaY4OffmgtgTLTDK8=
    dependencies:
      js-tokens "^3.0.0 || ^4.0.0"
  
  ms@^2.1.1:
    version "2.1.2"
    resolved "https://registry.npm.taobao.org/ms/download/ms-2.1.2.tgz#d09d1f357b443f493382a8eb3ccd183872ae6009"
    integrity sha1-0J0fNXtEP0kzgqjrPM0YOHKuYAk=
  
  object-assign@^4.1.1:
    version "4.1.1"
    resolved "https://registry.npm.taobao.org/object-assign/download/object-assign-4.1.1.tgz#2109adc7965887cfc05cbbd442cac8bfbb360863"
    integrity sha1-IQmtx5ZYh8/AXLvUQsrIv7s2CGM=
  
  object-inspect@^1.6.0:
    version "1.7.0"
    resolved "https://registry.npm.taobao.org/object-inspect/download/object-inspect-1.7.0.tgz?cache=0&sync_timestamp=1573451929207&other_urls=https%3A%2F%2Fregistry.npm.taobao.org%2Fobject-inspect%2Fdownload%2Fobject-inspect-1.7.0.tgz#f4f6bd181ad77f006b5ece60bd0b6f398ff74a67"
    integrity sha1-9Pa9GBrXfwBrXs5gvQtvOY/3Smc=
  
  object-keys@^1.0.11, object-keys@^1.0.12, object-keys@^1.1.1:
    version "1.1.1"
    resolved "https://registry.npm.taobao.org/object-keys/download/object-keys-1.1.1.tgz#1c47f272df277f3b1daf061677d9c82e2322c60e"
    integrity sha1-HEfyct8nfzsdrwYWd9nILiMixg4=
  
  object.assign@^4.1.0:
    version "4.1.0"
    resolved "https://registry.npm.taobao.org/object.assign/download/object.assign-4.1.0.tgz#968bf1100d7956bb3ca086f006f846b3bc4008da"
    integrity sha1-lovxEA15Vrs8oIbwBvhGs7xACNo=
    dependencies:
      define-properties "^1.1.2"
      function-bind "^1.1.1"
      has-symbols "^1.0.0"
      object-keys "^1.0.11"
  
  object.entries@^1.1.0:
    version "1.1.0"
    resolved "https://registry.npm.taobao.org/object.entries/download/object.entries-1.1.0.tgz#2024fc6d6ba246aee38bdb0ffd5cfbcf371b7519"
    integrity sha1-ICT8bWuiRq7ji9sP/Vz7zzcbdRk=
    dependencies:
      define-properties "^1.1.3"
      es-abstract "^1.12.0"
      function-bind "^1.1.1"
      has "^1.0.3"
  
  object.fromentries@^2.0.0:
    version "2.0.1"
    resolved "https://registry.npm.taobao.org/object.fromentries/download/object.fromentries-2.0.1.tgz?cache=0&sync_timestamp=1570137060462&other_urls=https%3A%2F%2Fregistry.npm.taobao.org%2Fobject.fromentries%2Fdownload%2Fobject.fromentries-2.0.1.tgz#050f077855c7af8ae6649f45c80b16ee2d31e704"
    integrity sha1-BQ8HeFXHr4rmZJ9FyAsW7i0x5wQ=
    dependencies:
      define-properties "^1.1.3"
      es-abstract "^1.15.0"
      function-bind "^1.1.1"
      has "^1.0.3"
  
  object.values@^1.1.0:
    version "1.1.0"
    resolved "https://registry.npm.taobao.org/object.values/download/object.values-1.1.0.tgz#bf6810ef5da3e5325790eaaa2be213ea84624da9"
    integrity sha1-v2gQ712j5TJXkOqqK+IT6oRiTak=
    dependencies:
      define-properties "^1.1.3"
      es-abstract "^1.12.0"
      function-bind "^1.1.1"
      has "^1.0.3"
  
  path-parse@^1.0.6:
    version "1.0.6"
    resolved "https://registry.npm.taobao.org/path-parse/download/path-parse-1.0.6.tgz#d62dbb5679405d72c4737ec58600e9ddcf06d24c"
    integrity sha1-1i27VnlAXXLEc37FhgDp3c8G0kw=
  
  prettier-linter-helpers@^1.0.0:
    version "1.0.0"
    resolved "https://registry.npm.taobao.org/prettier-linter-helpers/download/prettier-linter-helpers-1.0.0.tgz#d23d41fe1375646de2d0104d3454a3008802cf7b"
    integrity sha1-0j1B/hN1ZG3i0BBNNFSjAIgCz3s=
    dependencies:
      fast-diff "^1.1.2"
  
  prettier@^1.19.1:
    version "1.19.1"
    resolved "https://registry.npm.taobao.org/prettier/download/prettier-1.19.1.tgz?cache=0&sync_timestamp=1573302169507&other_urls=https%3A%2F%2Fregistry.npm.taobao.org%2Fprettier%2Fdownload%2Fprettier-1.19.1.tgz#f7d7f5ff8a9cd872a7be4ca142095956a60797cb"
    integrity sha1-99f1/4qc2HKnvkyhQglZVqYHl8s=
  
  prop-types@^15.7.2:
    version "15.7.2"
    resolved "https://registry.npm.taobao.org/prop-types/download/prop-types-15.7.2.tgz#52c41e75b8c87e72b9d9360e0206b99dcbffa6c5"
    integrity sha1-UsQedbjIfnK52TYOAga5ncv/psU=
    dependencies:
      loose-envify "^1.4.0"
      object-assign "^4.1.1"
      react-is "^16.8.1"
  
  react-is@^16.8.1:
    version "16.12.0"
    resolved "https://registry.npm.taobao.org/react-is/download/react-is-16.12.0.tgz?cache=0&sync_timestamp=1573776352270&other_urls=https%3A%2F%2Fregistry.npm.taobao.org%2Freact-is%2Fdownload%2Freact-is-16.12.0.tgz#2cc0fe0fba742d97fd527c42a13bec4eeb06241c"
    integrity sha1-LMD+D7p0LZf9UnxCoTvsTusGJBw=
  
  resolve@^1.12.0:
    version "1.12.0"
    resolved "https://registry.npm.taobao.org/resolve/download/resolve-1.12.0.tgz#3fc644a35c84a48554609ff26ec52b66fa577df6"
    integrity sha1-P8ZEo1yEpIVUYJ/ybsUrZvpXffY=
    dependencies:
      path-parse "^1.0.6"
  
  source-map@^0.5.0:
    version "0.5.7"
    resolved "https://registry.npm.taobao.org/source-map/download/source-map-0.5.7.tgz?cache=0&other_urls=https%3A%2F%2Fregistry.npm.taobao.org%2Fsource-map%2Fdownload%2Fsource-map-0.5.7.tgz#8a039d2d1021d22d1ea14c80d8ea468ba2ef3fcc"
    integrity sha1-igOdLRAh0i0eoUyA2OpGi6LvP8w=
  
  string.prototype.trimleft@^2.1.0:
    version "2.1.0"
    resolved "https://registry.npm.taobao.org/string.prototype.trimleft/download/string.prototype.trimleft-2.1.0.tgz?cache=0&other_urls=https%3A%2F%2Fregistry.npm.taobao.org%2Fstring.prototype.trimleft%2Fdownload%2Fstring.prototype.trimleft-2.1.0.tgz#6cc47f0d7eb8d62b0f3701611715a3954591d634"
    integrity sha1-bMR/DX641isPNwFhFxWjlUWR1jQ=
    dependencies:
      define-properties "^1.1.3"
      function-bind "^1.1.1"
  
  string.prototype.trimright@^2.1.0:
    version "2.1.0"
    resolved "https://registry.npm.taobao.org/string.prototype.trimright/download/string.prototype.trimright-2.1.0.tgz?cache=0&sync_timestamp=1568091197688&other_urls=https%3A%2F%2Fregistry.npm.taobao.org%2Fstring.prototype.trimright%2Fdownload%2Fstring.prototype.trimright-2.1.0.tgz#669d164be9df9b6f7559fa8e89945b168a5a6c58"
    integrity sha1-Zp0WS+nfm291WfqOiZRbFopabFg=
    dependencies:
      define-properties "^1.1.3"
      function-bind "^1.1.1"
  
  supports-color@^5.3.0:
    version "5.5.0"
    resolved "https://registry.npm.taobao.org/supports-color/download/supports-color-5.5.0.tgz?cache=0&sync_timestamp=1569557271992&other_urls=https%3A%2F%2Fregistry.npm.taobao.org%2Fsupports-color%2Fdownload%2Fsupports-color-5.5.0.tgz#e2e69a44ac8772f78a1ec0b35b689df6530efc8f"
    integrity sha1-4uaaRKyHcveKHsCzW2id9lMO/I8=
    dependencies:
      has-flag "^3.0.0"
  
  to-fast-properties@^2.0.0:
    version "2.0.0"
    resolved "https://registry.npm.taobao.org/to-fast-properties/download/to-fast-properties-2.0.0.tgz#dc5e698cbd079265bc73e0377681a4e4e83f616e"
    integrity sha1-3F5pjL0HkmW8c+A3doGk5Og/YW4=
  
  vue-eslint-parser@^6.0.5:
    version "6.0.5"
    resolved "https://registry.npm.taobao.org/vue-eslint-parser/download/vue-eslint-parser-6.0.5.tgz#c1c067c2755748e28f3872cd42e8c1c4c1a8059f"
    integrity sha1-wcBnwnVXSOKPOHLNQujBxMGoBZ8=
    dependencies:
      debug "^4.1.1"
      eslint-scope "^4.0.0"
      eslint-visitor-keys "^1.0.0"
      espree "^5.0.0"
      esquery "^1.0.1"
      lodash "^4.17.11"
